<?xml version="1.0" encoding="UTF-8"?>
<testsuite name="Tests" tests="1" skipped="0" failures="0" errors="0" timestamp="2021-03-03T03:29:20" hostname="macbeezy.hsd1.il.comcast.net" time="0.002">
  <properties/>
  <testcase name="testSolution" classname="Tests" time="0.002"/>
  <system-out><![CDATA[]]></system-out>
  <system-err><![CDATA[]]></system-err>
</testsuite>
